{
  "RSpec": {
    "coverage": {
      "/Users/maggiehibberd/card_game/spec/deck_spec.rb": {
        "lines": [
          1,
          null,
          1,
          1,
          1,
          1,
          1,
          1,
          null,
          null,
          null
        ]
      },
      "/Users/maggiehibberd/card_game/lib/deck.rb": {
        "lines": [
          1,
          1,
          1,
          1,
          1,
          1,
          4,
          52,
          null,
          null,
          null,
          null,
          1,
          2,
          104,
          null,
          null,
          null,
          null
        ]
      }
    },
    "timestamp": 1626880081
  }
}
